<?xml version="1.0" encoding="UTF-8"?>
<testsuite xmlns:xsi="http://www.w3.org/2001/XMLSchema-instance" xsi:noNamespaceSchemaLocation="https://maven.apache.org/surefire/maven-surefire-plugin/xsd/surefire-test-report.xsd" version="3.0.2" name="com.rain.DocumentGeneratorTest" time="1.749" tests="2" errors="0" skipped="0" failures="0">
  <properties>
[...]
</properties>
  <testcase name="generatedPdfIsNonEmpty" classname="com.rain.DocumentGeneratorTest" time="1.427">
    <system-err><![CDATA[SLF4J: No SLF4J providers were found.
SLF4J: Defaulting to no-operation (NOP) logger implementation
SLF4J: See https://www.slf4j.org/codes.html#noProviders for further details.
com.openhtmltopdf.load INFO:: SAX XMLReader in use (parser): com.sun.org.apache.xerces.internal.jaxp.SAXParserImpl$JAXPSAXParser
com.openhtmltopdf.load INFO:: SAX XMLReader in use (parser): com.sun.org.apache.xerces.internal.jaxp.SAXParserImpl$JAXPSAXParser
com.openhtmltopdf.load INFO:: Loaded document in ~41ms
com.openhtmltopdf.load INFO:: TIME: parse stylesheets 87ms
com.openhtmltopdf.match INFO:: media = print
com.openhtmltopdf.match INFO:: Matcher created with 170 selectors
com.openhtmltopdf.general INFO:: Using fast-mode renderer. Prepare to fly.
]]></system-err>
  </testcase>
  <testcase name="rendersHtmlContainingCustomerName" classname="com.rain.DocumentGeneratorTest" time="0.027"/>
</testsuite>